<?xml version="1.0" encoding="UTF-8"?><testsuite errors="0" failures="1" name="Creacion de cuenta en Booking" skipped="0" tests="1" time="66.75" timestamp="2022-03-17 08:28:32"><testcase name="Crear una cuenta en la pagina de Booking"><failure message="valor esperado &quot;1TestDevco@gamil.com&quot; no ha sido encontrado - org.openqa.selenium.NoSuchElementException: no such element: Unable to locate element: {&quot;method&quot;:&quot;xpath&quot;,&quot;selector&quot;:&quot;//*[@id=&quot;profile-menu-trigger--title&quot;]&quot;}&#10;  (Session info: chrome=99.0.4844.51)&#10;For documentation on this error, please visit: https://www.seleniumhq.org/exceptions/no_such_element.html&#10;Build info: version: '3.141.59', revision: 'e82be7d358', time: '2018-11-14T08:17:03'&#10;System info: host: 'SSMEDLAPPROJM72', ip: '192.168.1.5', os.name: 'Windows 10', os.arch: 'amd64', os.version: '10.0', java.version: '1.8.0_291'&#10;Driver info: org.openqa.selenium.chrome.ChromeDriver&#10;Capabilities {acceptInsecureCerts: false, browserName: chrome, browserVersion: 99.0.4844.51, chrome: {chromedriverVersion: 99.0.4844.51 (d537ec02474b5..., userDataDir: C:\Users\JUAN~1.MAR\AppData...}, goog:chromeOptions: {debuggerAddress: localhost:59438}, javascriptEnabled: true, networkConnectionEnabled: false, pageLoadStrategy: normal, platform: WINDOWS, platformName: WINDOWS, proxy: Proxy(), setWindowRect: true, strictFileInteractability: false, timeouts: {implicit: 0, pageLoad: 300000, script: 30000}, unhandledPromptBehavior: dismiss and notify, webauthn:extension:credBlob: true, webauthn:extension:largeBlob: true, webauthn:virtualAuthenticators: true}&#10;Session ID: f05d35d098a9935b8ff70603a6c53134&#10;*** Element info: {Using=xpath, value=//*[@id=&quot;profile-menu-trigger--title&quot;]}" type="java.lang.AssertionError">valor esperado "1TestDevco@gamil.com" no ha sido encontrado - org.openqa.selenium.NoSuchElementException: no such element: Unable to locate element: {"method":"xpath","selector":"//*[@id="profile-menu-trigger--title"]"}
  (Session info: chrome=99.0.4844.51)
For documentation on this error, please visit: https://www.seleniumhq.org/exceptions/no_such_element.html
Build info: version: '3.141.59', revision: 'e82be7d358', time: '2018-11-14T08:17:03'
System info: host: 'SSMEDLAPPROJM72', ip: '192.168.1.5', os.name: 'Windows 10', os.arch: 'amd64', os.version: '10.0', java.version: '1.8.0_291'
Driver info: org.openqa.selenium.chrome.ChromeDriver
Capabilities {acceptInsecureCerts: false, browserName: chrome, browserVersion: 99.0.4844.51, chrome: {chromedriverVersion: 99.0.4844.51 (d537ec02474b5..., userDataDir: C:\Users\JUAN~1.MAR\AppData...}, goog:chromeOptions: {debuggerAddress: localhost:59438}, javascriptEnabled: true, networkConnectionEnabled: false, pageLoadStrategy: normal, platform: WINDOWS, platformName: WINDOWS, proxy: Proxy(), setWindowRect: true, strictFileInteractability: false, timeouts: {implicit: 0, pageLoad: 300000, script: 30000}, unhandledPromptBehavior: dismiss and notify, webauthn:extension:credBlob: true, webauthn:extension:largeBlob: true, webauthn:virtualAuthenticators: true}
Session ID: f05d35d098a9935b8ff70603a6c53134
*** Element info: {Using=xpath, value=//*[@id="profile-menu-trigger--title"]}</failure><system-err>valor esperado "1TestDevco@gamil.com" no ha sido encontrado - org.openqa.selenium.NoSuchElementException: no such element: Unable to locate element: {"method":"xpath","selector":"//*[@id="profile-menu-trigger--title"]"}
  (Session info: chrome=99.0.4844.51)
For documentation on this error, please visit: https://www.seleniumhq.org/exceptions/no_such_element.html
Build info: version: '3.141.59', revision: 'e82be7d358', time: '2018-11-14T08:17:03'
System info: host: 'SSMEDLAPPROJM72', ip: '192.168.1.5', os.name: 'Windows 10', os.arch: 'amd64', os.version: '10.0', java.version: '1.8.0_291'
Driver info: org.openqa.selenium.chrome.ChromeDriver
Capabilities {acceptInsecureCerts: false, browserName: chrome, browserVersion: 99.0.4844.51, chrome: {chromedriverVersion: 99.0.4844.51 (d537ec02474b5..., userDataDir: C:\Users\JUAN~1.MAR\AppData...}, goog:chromeOptions: {debuggerAddress: localhost:59438}, javascriptEnabled: true, networkConnectionEnabled: false, pageLoadStrategy: normal, platform: WINDOWS, platformName: WINDOWS, proxy: Proxy(), setWindowRect: true, strictFileInteractability: false, timeouts: {implicit: 0, pageLoad: 300000, script: 30000}, unhandledPromptBehavior: dismiss and notify, webauthn:extension:credBlob: true, webauthn:extension:largeBlob: true, webauthn:virtualAuthenticators: true}
Session ID: f05d35d098a9935b8ff70603a6c53134
*** Element info: {Using=xpath, value=//*[@id="profile-menu-trigger--title"]}&#13;
stepdefinitions.CreacionCuentaBookingStepDefinitions.validaElCorreoIngresadoParaLaCreaciNDeLaCuenta(CreacionCuentaBookingStepDefinitions.java:41)&#13;
âœ½.Valida el correo ingresado para la creacion de la cuenta "1TestDevco@gamil.com"(file:///C:/Users/juan.marquez/eclipse-workspace/BookingTest/src/test/resources/features/creacionCuentaBooking.feature:10)&#13;
</system-err></testcase></testsuite>